2021-03-29 22:03:45,053 [Worker-4: Loading available Gradle versions] INFO  o.e.b.c.i.u.g.PublishedGradleVersions - Gradle version information cache is up-to-date. Trying to read.
2021-03-29 22:11:15,690 [Worker-22: Enabling Maven Dependency Management] INFO  o.e.m.c.i.l.LifecycleMappingFactory - Using org.maven.ide.eclipse.wtp.WarLifecycleMapping lifecycle mapping for MavenProject: SpringMVCStep1:SpringMVCStep1:0.0.1-SNAPSHOT @ C:\Users\shkim\Desktop\springMVC\servlet\setting\SpringMVCStep1\pom.xml.
2021-03-29 22:11:17,334 [Worker-23: Building] WARN  o.e.m.c.i.embedder.EclipseLogger - Using platform encoding (MS949 actually) to copy filtered resources, i.e. build is platform dependent!
2021-03-29 22:11:17,335 [Worker-23: Building] INFO  o.e.m.c.i.embedder.EclipseLogger - skip non existing resourceDirectory C:\Users\shkim\Desktop\springMVC\servlet\setting\SpringMVCStep1\src\main\resources
2021-03-29 22:11:17,338 [Worker-23: Building] WARN  o.e.m.c.i.embedder.EclipseLogger - Using platform encoding (MS949 actually) to copy filtered resources, i.e. build is platform dependent!
2021-03-29 22:11:17,339 [Worker-23: Building] INFO  o.e.m.c.i.embedder.EclipseLogger - skip non existing resourceDirectory C:\Users\shkim\Desktop\springMVC\servlet\setting\SpringMVCStep1\src\test\resources
2021-03-29 22:11:17,360 [Worker-22: Enabling Maven Dependency Management] INFO  o.e.m.j.i.AbstractJavaProjectConfigurator - Adding source folder /SpringMVCStep1/src
2021-03-29 22:11:17,360 [Worker-22: Enabling Maven Dependency Management] INFO  o.e.m.j.i.AbstractJavaProjectConfigurator - Not adding source folder /SpringMVCStep1/src/test/java because it overlaps with /SpringMVCStep1/src
2021-03-29 22:11:17,740 [Worker-22: Enabling Maven Dependency Management] INFO  o.e.m.c.i.p.ProjectConfigurationManager - Update started
2021-03-29 22:11:18,165 [Worker-22: Enabling Maven Dependency Management] INFO  o.e.m.c.i.l.LifecycleMappingFactory - Using org.maven.ide.eclipse.wtp.WarLifecycleMapping lifecycle mapping for MavenProject: SpringMVCStep1:SpringMVCStep1:0.0.1-SNAPSHOT @ C:\Users\shkim\Desktop\springMVC\servlet\setting\SpringMVCStep1\pom.xml.
2021-03-29 22:11:19,007 [Worker-22: Enabling Maven Dependency Management] INFO  o.e.m.j.i.AbstractJavaProjectConfigurator - Adding source folder /SpringMVCStep1/src
2021-03-29 22:11:19,009 [Worker-22: Enabling Maven Dependency Management] INFO  o.e.m.j.i.AbstractJavaProjectConfigurator - Not adding source folder /SpringMVCStep1/src/test/java because it overlaps with /SpringMVCStep1/src
2021-03-29 22:11:19,378 [Worker-22: Enabling Maven Dependency Management] INFO  o.e.m.w.i.f.ResourceFilteringBuildParticipant - Cleaning filtered folder for SpringMVCStep1
2021-03-29 22:11:19,400 [Worker-22: Enabling Maven Dependency Management] INFO  o.e.m.c.i.p.ProjectConfigurationManager - Update completed: 1 sec
2021-03-29 22:11:19,583 [Worker-23: Building] WARN  o.e.m.c.i.embedder.EclipseLogger - Using platform encoding (MS949 actually) to copy filtered resources, i.e. build is platform dependent!
2021-03-29 22:11:19,585 [Worker-23: Building] INFO  o.e.m.c.i.embedder.EclipseLogger - skip non existing resourceDirectory C:\Users\shkim\Desktop\springMVC\servlet\setting\SpringMVCStep1\src\main\resources
2021-03-29 22:11:19,587 [Worker-23: Building] WARN  o.e.m.c.i.embedder.EclipseLogger - Using platform encoding (MS949 actually) to copy filtered resources, i.e. build is platform dependent!
2021-03-29 22:11:19,588 [Worker-23: Building] INFO  o.e.m.c.i.embedder.EclipseLogger - skip non existing resourceDirectory C:\Users\shkim\Desktop\springMVC\servlet\setting\SpringMVCStep1\src\test\resources
2021-03-29 22:11:19,588 [Worker-23: Building] INFO  o.e.m.w.i.f.ResourceFilteringBuildParticipant - Changed resources require a complete clean of filtered resources of SpringMVCStep1
2021-03-29 22:11:19,589 [Worker-23: Building] INFO  o.e.m.w.i.f.ResourceFilteringBuildParticipant - Executing resource filtering for SpringMVCStep1
2021-03-29 22:11:19,606 [Worker-23: Building] WARN  o.e.m.c.i.embedder.EclipseLogger - Using platform encoding (MS949 actually) to copy filtered resources, i.e. build is platform dependent!
2021-03-29 22:12:27,077 [Worker-12: Building] INFO  o.e.m.c.i.l.LifecycleMappingFactory - Using org.maven.ide.eclipse.wtp.WarLifecycleMapping lifecycle mapping for MavenProject: SpringMVCStep1:SpringMVCStep1:0.0.1-SNAPSHOT @ C:\Users\shkim\Desktop\springMVC\servlet\setting\SpringMVCStep1\pom.xml.
2021-03-29 22:12:27,659 [Worker-12: Building] WARN  o.e.m.c.i.embedder.EclipseLogger - Using platform encoding (MS949 actually) to copy filtered resources, i.e. build is platform dependent!
2021-03-29 22:12:27,660 [Worker-12: Building] INFO  o.e.m.c.i.embedder.EclipseLogger - skip non existing resourceDirectory C:\Users\shkim\Desktop\springMVC\servlet\setting\SpringMVCStep1\src\main\resources
2021-03-29 22:12:27,663 [Worker-12: Building] WARN  o.e.m.c.i.embedder.EclipseLogger - Using platform encoding (MS949 actually) to copy filtered resources, i.e. build is platform dependent!
2021-03-29 22:12:27,664 [Worker-12: Building] INFO  o.e.m.c.i.embedder.EclipseLogger - skip non existing resourceDirectory C:\Users\shkim\Desktop\springMVC\servlet\setting\SpringMVCStep1\src\test\resources
2021-03-29 22:12:27,664 [Worker-12: Building] INFO  o.e.m.w.i.f.ResourceFilteringBuildParticipant - Changed resources require a complete clean of filtered resources of SpringMVCStep1
2021-03-29 22:12:27,664 [Worker-12: Building] INFO  o.e.m.w.i.f.ResourceFilteringBuildParticipant - Executing resource filtering for SpringMVCStep1
2021-03-29 22:12:27,670 [Worker-12: Building] WARN  o.e.m.c.i.embedder.EclipseLogger - Using platform encoding (MS949 actually) to copy filtered resources, i.e. build is platform dependent!
2021-03-29 22:14:48,419 [Worker-27: Building] INFO  o.e.m.c.i.l.LifecycleMappingFactory - Using org.maven.ide.eclipse.wtp.WarLifecycleMapping lifecycle mapping for MavenProject: SpringMVCStep1:SpringMVCStep1:0.0.1-SNAPSHOT @ C:\Users\shkim\Desktop\springMVC\servlet\setting\SpringMVCStep1\pom.xml.
2021-03-29 22:14:48,982 [Worker-27: Building] WARN  o.e.m.c.i.embedder.EclipseLogger - Using platform encoding (MS949 actually) to copy filtered resources, i.e. build is platform dependent!
2021-03-29 22:14:48,983 [Worker-27: Building] INFO  o.e.m.c.i.embedder.EclipseLogger - skip non existing resourceDirectory C:\Users\shkim\Desktop\springMVC\servlet\setting\SpringMVCStep1\src\main\resources
2021-03-29 22:14:48,985 [Worker-27: Building] WARN  o.e.m.c.i.embedder.EclipseLogger - Using platform encoding (MS949 actually) to copy filtered resources, i.e. build is platform dependent!
2021-03-29 22:14:48,986 [Worker-27: Building] INFO  o.e.m.c.i.embedder.EclipseLogger - skip non existing resourceDirectory C:\Users\shkim\Desktop\springMVC\servlet\setting\SpringMVCStep1\src\test\resources
2021-03-29 22:14:48,987 [Worker-27: Building] INFO  o.e.m.w.i.f.ResourceFilteringBuildParticipant - Changed resources require a complete clean of filtered resources of SpringMVCStep1
2021-03-29 22:14:48,987 [Worker-27: Building] INFO  o.e.m.w.i.f.ResourceFilteringBuildParticipant - Executing resource filtering for SpringMVCStep1
2021-03-29 22:14:48,991 [Worker-27: Building] WARN  o.e.m.c.i.embedder.EclipseLogger - Using platform encoding (MS949 actually) to copy filtered resources, i.e. build is platform dependent!
2021-03-29 22:15:33,464 [Worker-30: Building] INFO  o.e.m.c.i.l.LifecycleMappingFactory - Using org.maven.ide.eclipse.wtp.WarLifecycleMapping lifecycle mapping for MavenProject: SpringMVCStep1:SpringMVCStep1:0.0.1-SNAPSHOT @ C:\Users\shkim\Desktop\springMVC\servlet\setting\SpringMVCStep1\pom.xml.
2021-03-29 22:15:33,959 [Worker-30: Building] WARN  o.e.m.c.i.embedder.EclipseLogger - Using platform encoding (MS949 actually) to copy filtered resources, i.e. build is platform dependent!
2021-03-29 22:15:33,960 [Worker-30: Building] INFO  o.e.m.c.i.embedder.EclipseLogger - skip non existing resourceDirectory C:\Users\shkim\Desktop\springMVC\servlet\setting\SpringMVCStep1\src\main\resources
2021-03-29 22:15:33,962 [Worker-30: Building] WARN  o.e.m.c.i.embedder.EclipseLogger - Using platform encoding (MS949 actually) to copy filtered resources, i.e. build is platform dependent!
2021-03-29 22:15:33,962 [Worker-30: Building] INFO  o.e.m.c.i.embedder.EclipseLogger - skip non existing resourceDirectory C:\Users\shkim\Desktop\springMVC\servlet\setting\SpringMVCStep1\src\test\resources
2021-03-29 22:15:33,963 [Worker-30: Building] INFO  o.e.m.w.i.f.ResourceFilteringBuildParticipant - Changed resources require a complete clean of filtered resources of SpringMVCStep1
2021-03-29 22:15:33,963 [Worker-30: Building] INFO  o.e.m.w.i.f.ResourceFilteringBuildParticipant - Executing resource filtering for SpringMVCStep1
2021-03-29 22:15:33,966 [Worker-30: Building] WARN  o.e.m.c.i.embedder.EclipseLogger - Using platform encoding (MS949 actually) to copy filtered resources, i.e. build is platform dependent!
2021-03-29 22:15:39,681 [Worker-32: Building] INFO  o.e.m.c.i.l.LifecycleMappingFactory - Using org.maven.ide.eclipse.wtp.WarLifecycleMapping lifecycle mapping for MavenProject: SpringMVCStep1:SpringMVCStep1:0.0.1-SNAPSHOT @ C:\Users\shkim\Desktop\springMVC\servlet\setting\SpringMVCStep1\pom.xml.
2021-03-29 22:15:40,058 [Worker-32: Building] WARN  o.e.m.c.i.embedder.EclipseLogger - Using platform encoding (MS949 actually) to copy filtered resources, i.e. build is platform dependent!
2021-03-29 22:15:40,059 [Worker-32: Building] INFO  o.e.m.c.i.embedder.EclipseLogger - skip non existing resourceDirectory C:\Users\shkim\Desktop\springMVC\servlet\setting\SpringMVCStep1\src\main\resources
2021-03-29 22:15:40,060 [Worker-32: Building] WARN  o.e.m.c.i.embedder.EclipseLogger - Using platform encoding (MS949 actually) to copy filtered resources, i.e. build is platform dependent!
2021-03-29 22:15:40,061 [Worker-32: Building] INFO  o.e.m.c.i.embedder.EclipseLogger - skip non existing resourceDirectory C:\Users\shkim\Desktop\springMVC\servlet\setting\SpringMVCStep1\src\test\resources
2021-03-29 22:15:40,061 [Worker-32: Building] INFO  o.e.m.w.i.f.ResourceFilteringBuildParticipant - Changed resources require a complete clean of filtered resources of SpringMVCStep1
2021-03-29 22:15:40,061 [Worker-32: Building] INFO  o.e.m.w.i.f.ResourceFilteringBuildParticipant - Executing resource filtering for SpringMVCStep1
2021-03-29 22:15:40,064 [Worker-32: Building] WARN  o.e.m.c.i.embedder.EclipseLogger - Using platform encoding (MS949 actually) to copy filtered resources, i.e. build is platform dependent!
2021-03-29 22:17:59,859 [Worker-35: Building] INFO  o.e.m.c.i.l.LifecycleMappingFactory - Using org.maven.ide.eclipse.wtp.WarLifecycleMapping lifecycle mapping for MavenProject: SpringMVCStep1:SpringMVCStep1:0.0.1-SNAPSHOT @ C:\Users\shkim\Desktop\springMVC\servlet\setting\SpringMVCStep1\pom.xml.
2021-03-29 22:18:00,366 [Worker-35: Building] WARN  o.e.m.c.i.embedder.EclipseLogger - Using platform encoding (MS949 actually) to copy filtered resources, i.e. build is platform dependent!
2021-03-29 22:18:00,367 [Worker-35: Building] INFO  o.e.m.c.i.embedder.EclipseLogger - skip non existing resourceDirectory C:\Users\shkim\Desktop\springMVC\servlet\setting\SpringMVCStep1\src\main\resources
2021-03-29 22:18:00,368 [Worker-35: Building] WARN  o.e.m.c.i.embedder.EclipseLogger - Using platform encoding (MS949 actually) to copy filtered resources, i.e. build is platform dependent!
2021-03-29 22:18:00,369 [Worker-35: Building] INFO  o.e.m.c.i.embedder.EclipseLogger - skip non existing resourceDirectory C:\Users\shkim\Desktop\springMVC\servlet\setting\SpringMVCStep1\src\test\resources
2021-03-29 22:18:00,369 [Worker-35: Building] INFO  o.e.m.w.i.f.ResourceFilteringBuildParticipant - Changed resources require a complete clean of filtered resources of SpringMVCStep1
2021-03-29 22:18:00,369 [Worker-35: Building] INFO  o.e.m.w.i.f.ResourceFilteringBuildParticipant - Executing resource filtering for SpringMVCStep1
2021-03-29 22:18:00,372 [Worker-35: Building] WARN  o.e.m.c.i.embedder.EclipseLogger - Using platform encoding (MS949 actually) to copy filtered resources, i.e. build is platform dependent!
2021-03-29 22:20:05,685 [Worker-28: Building] INFO  o.e.m.c.i.l.LifecycleMappingFactory - Using org.maven.ide.eclipse.wtp.WarLifecycleMapping lifecycle mapping for MavenProject: SpringMVCStep1:SpringMVCStep1:0.0.1-SNAPSHOT @ C:\Users\shkim\Desktop\springMVC\servlet\setting\SpringMVCStep1\pom.xml.
2021-03-29 22:20:06,201 [Worker-28: Building] WARN  o.e.m.c.i.embedder.EclipseLogger - Using platform encoding (MS949 actually) to copy filtered resources, i.e. build is platform dependent!
2021-03-29 22:20:06,202 [Worker-28: Building] INFO  o.e.m.c.i.embedder.EclipseLogger - skip non existing resourceDirectory C:\Users\shkim\Desktop\springMVC\servlet\setting\SpringMVCStep1\src\main\resources
2021-03-29 22:20:06,203 [Worker-28: Building] WARN  o.e.m.c.i.embedder.EclipseLogger - Using platform encoding (MS949 actually) to copy filtered resources, i.e. build is platform dependent!
2021-03-29 22:20:06,204 [Worker-28: Building] INFO  o.e.m.c.i.embedder.EclipseLogger - skip non existing resourceDirectory C:\Users\shkim\Desktop\springMVC\servlet\setting\SpringMVCStep1\src\test\resources
2021-03-29 22:20:06,205 [Worker-28: Building] INFO  o.e.m.w.i.f.ResourceFilteringBuildParticipant - Changed resources require a complete clean of filtered resources of SpringMVCStep1
2021-03-29 22:20:06,205 [Worker-28: Building] INFO  o.e.m.w.i.f.ResourceFilteringBuildParticipant - Executing resource filtering for SpringMVCStep1
2021-03-29 22:20:06,208 [Worker-28: Building] WARN  o.e.m.c.i.embedder.EclipseLogger - Using platform encoding (MS949 actually) to copy filtered resources, i.e. build is platform dependent!
2021-03-29 22:21:48,685 [Worker-35: reload maven project] WARN  o.e.m.c.i.embedder.EclipseLogger - The POM for javax.servlet.jsp.jstl:jstl:jar:1.2 is missing, no dependency information available
2021-03-29 22:21:49,010 [Worker-35: Building] INFO  o.e.m.c.i.l.LifecycleMappingFactory - Using org.maven.ide.eclipse.wtp.WarLifecycleMapping lifecycle mapping for MavenProject: SpringMVCStep1:SpringMVCStep1:0.0.1-SNAPSHOT @ C:\Users\shkim\Desktop\springMVC\servlet\setting\SpringMVCStep1\pom.xml.
2021-03-29 22:21:49,014 [Worker-35: Building] WARN  o.e.m.c.i.embedder.EclipseLogger - The POM for javax.servlet.jsp.jstl:jstl:jar:1.2 is missing, no dependency information available
2021-03-29 22:21:49,025 [Worker-35: Building] WARN  o.e.m.c.i.embedder.EclipseLogger - The POM for javax.servlet.jsp.jstl:jstl:jar:1.2 is missing, no dependency information available
2021-03-29 22:21:49,489 [Worker-35: Building] WARN  o.e.m.c.i.embedder.EclipseLogger - Using platform encoding (MS949 actually) to copy filtered resources, i.e. build is platform dependent!
2021-03-29 22:21:49,490 [Worker-35: Building] INFO  o.e.m.c.i.embedder.EclipseLogger - skip non existing resourceDirectory C:\Users\shkim\Desktop\springMVC\servlet\setting\SpringMVCStep1\src\main\resources
2021-03-29 22:21:49,491 [Worker-35: Building] WARN  o.e.m.c.i.embedder.EclipseLogger - Using platform encoding (MS949 actually) to copy filtered resources, i.e. build is platform dependent!
2021-03-29 22:21:49,492 [Worker-35: Building] INFO  o.e.m.c.i.embedder.EclipseLogger - skip non existing resourceDirectory C:\Users\shkim\Desktop\springMVC\servlet\setting\SpringMVCStep1\src\test\resources
2021-03-29 22:21:49,492 [Worker-35: Building] INFO  o.e.m.w.i.f.ResourceFilteringBuildParticipant - Changed resources require a complete clean of filtered resources of SpringMVCStep1
2021-03-29 22:21:49,492 [Worker-35: Building] INFO  o.e.m.w.i.f.ResourceFilteringBuildParticipant - Executing resource filtering for SpringMVCStep1
2021-03-29 22:21:49,495 [Worker-35: Building] WARN  o.e.m.c.i.embedder.EclipseLogger - Using platform encoding (MS949 actually) to copy filtered resources, i.e. build is platform dependent!
2021-03-29 22:22:30,738 [Worker-34: Building] INFO  o.e.m.c.i.l.LifecycleMappingFactory - Using org.maven.ide.eclipse.wtp.WarLifecycleMapping lifecycle mapping for MavenProject: SpringMVCStep1:SpringMVCStep1:0.0.1-SNAPSHOT @ C:\Users\shkim\Desktop\springMVC\servlet\setting\SpringMVCStep1\pom.xml.
2021-03-29 22:22:31,251 [Worker-34: Building] WARN  o.e.m.c.i.embedder.EclipseLogger - Using platform encoding (MS949 actually) to copy filtered resources, i.e. build is platform dependent!
2021-03-29 22:22:31,252 [Worker-34: Building] INFO  o.e.m.c.i.embedder.EclipseLogger - skip non existing resourceDirectory C:\Users\shkim\Desktop\springMVC\servlet\setting\SpringMVCStep1\src\main\resources
2021-03-29 22:22:31,253 [Worker-34: Building] WARN  o.e.m.c.i.embedder.EclipseLogger - Using platform encoding (MS949 actually) to copy filtered resources, i.e. build is platform dependent!
2021-03-29 22:22:31,253 [Worker-34: Building] INFO  o.e.m.c.i.embedder.EclipseLogger - skip non existing resourceDirectory C:\Users\shkim\Desktop\springMVC\servlet\setting\SpringMVCStep1\src\test\resources
2021-03-29 22:22:31,254 [Worker-34: Building] INFO  o.e.m.w.i.f.ResourceFilteringBuildParticipant - Changed resources require a complete clean of filtered resources of SpringMVCStep1
2021-03-29 22:22:31,254 [Worker-34: Building] INFO  o.e.m.w.i.f.ResourceFilteringBuildParticipant - Executing resource filtering for SpringMVCStep1
2021-03-29 22:22:31,256 [Worker-34: Building] WARN  o.e.m.c.i.embedder.EclipseLogger - Using platform encoding (MS949 actually) to copy filtered resources, i.e. build is platform dependent!
2021-03-29 22:24:14,763 [Worker-36: Building] INFO  o.e.m.c.i.l.LifecycleMappingFactory - Using org.maven.ide.eclipse.wtp.WarLifecycleMapping lifecycle mapping for MavenProject: SpringMVCStep1:SpringMVCStep1:0.0.1-SNAPSHOT @ C:\Users\shkim\Desktop\springMVC\servlet\setting\SpringMVCStep1\pom.xml.
2021-03-29 22:24:15,293 [Worker-36: Building] WARN  o.e.m.c.i.embedder.EclipseLogger - Using platform encoding (MS949 actually) to copy filtered resources, i.e. build is platform dependent!
2021-03-29 22:24:15,294 [Worker-36: Building] INFO  o.e.m.c.i.embedder.EclipseLogger - skip non existing resourceDirectory C:\Users\shkim\Desktop\springMVC\servlet\setting\SpringMVCStep1\src\main\resources
2021-03-29 22:24:15,295 [Worker-36: Building] WARN  o.e.m.c.i.embedder.EclipseLogger - Using platform encoding (MS949 actually) to copy filtered resources, i.e. build is platform dependent!
2021-03-29 22:24:15,296 [Worker-36: Building] INFO  o.e.m.c.i.embedder.EclipseLogger - skip non existing resourceDirectory C:\Users\shkim\Desktop\springMVC\servlet\setting\SpringMVCStep1\src\test\resources
2021-03-29 22:24:15,296 [Worker-36: Building] INFO  o.e.m.w.i.f.ResourceFilteringBuildParticipant - Changed resources require a complete clean of filtered resources of SpringMVCStep1
2021-03-29 22:24:15,296 [Worker-36: Building] INFO  o.e.m.w.i.f.ResourceFilteringBuildParticipant - Executing resource filtering for SpringMVCStep1
2021-03-29 22:24:15,299 [Worker-36: Building] WARN  o.e.m.c.i.embedder.EclipseLogger - Using platform encoding (MS949 actually) to copy filtered resources, i.e. build is platform dependent!
2021-03-29 22:24:17,162 [Worker-38: Download sources and javadoc] INFO  o.e.m.c.i.e.AbstractTransferListenerAdapter - Downloading https://repo.maven.apache.org/maven2/org/springframework/spring-webmvc/5.3.5/spring-webmvc-5.3.5-sources.jar
2021-03-29 22:24:18,010 [Worker-38: Download sources and javadoc] INFO  o.e.m.c.i.e.AbstractTransferListenerAdapter - Downloaded https://repo.maven.apache.org/maven2/org/springframework/spring-webmvc/5.3.5/spring-webmvc-5.3.5-sources.jar
2021-03-29 22:24:18,014 [Worker-38: Download sources and javadoc] INFO  o.e.m.j.internal.DownloadSourcesJob - Downloaded sources for org.springframework:spring-webmvc:5.3.5
2021-03-29 22:24:18,677 [Worker-38: Download sources and javadoc] INFO  o.e.m.c.i.e.AbstractTransferListenerAdapter - Downloading https://repo.maven.apache.org/maven2/org/springframework/spring-web/5.3.5/spring-web-5.3.5-sources.jar
2021-03-29 22:24:19,642 [Worker-38: Download sources and javadoc] INFO  o.e.m.c.i.e.AbstractTransferListenerAdapter - Downloaded https://repo.maven.apache.org/maven2/org/springframework/spring-web/5.3.5/spring-web-5.3.5-sources.jar
2021-03-29 22:24:19,645 [Worker-38: Download sources and javadoc] INFO  o.e.m.j.internal.DownloadSourcesJob - Downloaded sources for org.springframework:spring-web:5.3.5
2021-03-29 22:24:19,972 [Worker-39: Building] WARN  o.e.m.c.i.embedder.EclipseLogger - Using platform encoding (MS949 actually) to copy filtered resources, i.e. build is platform dependent!
2021-03-29 22:24:19,973 [Worker-39: Building] INFO  o.e.m.c.i.embedder.EclipseLogger - skip non existing resourceDirectory C:\Users\shkim\Desktop\springMVC\servlet\setting\SpringMVCStep1\src\main\resources
2021-03-29 22:24:19,974 [Worker-39: Building] WARN  o.e.m.c.i.embedder.EclipseLogger - Using platform encoding (MS949 actually) to copy filtered resources, i.e. build is platform dependent!
2021-03-29 22:24:19,975 [Worker-39: Building] INFO  o.e.m.c.i.embedder.EclipseLogger - skip non existing resourceDirectory C:\Users\shkim\Desktop\springMVC\servlet\setting\SpringMVCStep1\src\test\resources
2021-03-29 22:25:30,638 [Worker-35: Building] INFO  o.e.m.c.i.l.LifecycleMappingFactory - Using org.maven.ide.eclipse.wtp.WarLifecycleMapping lifecycle mapping for MavenProject: SpringMVCStep1:SpringMVCStep1:0.0.1-SNAPSHOT @ C:\Users\shkim\Desktop\springMVC\servlet\setting\SpringMVCStep1\pom.xml.
2021-03-29 22:25:31,087 [Worker-35: Building] WARN  o.e.m.c.i.embedder.EclipseLogger - Using platform encoding (MS949 actually) to copy filtered resources, i.e. build is platform dependent!
2021-03-29 22:25:31,088 [Worker-35: Building] INFO  o.e.m.c.i.embedder.EclipseLogger - skip non existing resourceDirectory C:\Users\shkim\Desktop\springMVC\servlet\setting\SpringMVCStep1\src\main\resources
2021-03-29 22:25:31,089 [Worker-35: Building] WARN  o.e.m.c.i.embedder.EclipseLogger - Using platform encoding (MS949 actually) to copy filtered resources, i.e. build is platform dependent!
2021-03-29 22:25:31,090 [Worker-35: Building] INFO  o.e.m.c.i.embedder.EclipseLogger - skip non existing resourceDirectory C:\Users\shkim\Desktop\springMVC\servlet\setting\SpringMVCStep1\src\test\resources
2021-03-29 22:25:31,090 [Worker-35: Building] INFO  o.e.m.w.i.f.ResourceFilteringBuildParticipant - Changed resources require a complete clean of filtered resources of SpringMVCStep1
2021-03-29 22:25:31,090 [Worker-35: Building] INFO  o.e.m.w.i.f.ResourceFilteringBuildParticipant - Executing resource filtering for SpringMVCStep1
2021-03-29 22:25:31,093 [Worker-35: Building] WARN  o.e.m.c.i.embedder.EclipseLogger - Using platform encoding (MS949 actually) to copy filtered resources, i.e. build is platform dependent!
