2021-03-30 08:35:30,427 [Worker-1: Loading available Gradle versions] INFO  o.e.b.c.i.u.g.PublishedGradleVersions - Gradle version information cache is up-to-date. Trying to read.
2021-03-30 20:09:50,236 [Worker-4: Loading available Gradle versions] INFO  o.e.b.c.i.u.g.PublishedGradleVersions - Gradle version information cache is up-to-date. Trying to read.
2021-03-30 20:13:59,243 [Worker-0: Loading available Gradle versions] INFO  o.e.b.c.i.u.g.PublishedGradleVersions - Gradle version information cache is out-of-date. Trying to update.
2021-03-30 20:14:47,107 [Worker-18: Enabling Maven Dependency Management] INFO  o.e.m.c.i.l.LifecycleMappingFactory - Using org.maven.ide.eclipse.wtp.WarLifecycleMapping lifecycle mapping for MavenProject: SpringMVCJava:SpringMVCJava:0.0.1-SNAPSHOT @ C:\Users\shkim\Desktop\springMVC\servlet\setting_java\SpringMVCJava\pom.xml.
2021-03-30 20:14:48,681 [Worker-4: Building] WARN  o.e.m.c.i.embedder.EclipseLogger - Using platform encoding (MS949 actually) to copy filtered resources, i.e. build is platform dependent!
2021-03-30 20:14:48,683 [Worker-4: Building] INFO  o.e.m.c.i.embedder.EclipseLogger - skip non existing resourceDirectory C:\Users\shkim\Desktop\springMVC\servlet\setting_java\SpringMVCJava\src\main\resources
2021-03-30 20:14:48,686 [Worker-4: Building] WARN  o.e.m.c.i.embedder.EclipseLogger - Using platform encoding (MS949 actually) to copy filtered resources, i.e. build is platform dependent!
2021-03-30 20:14:48,687 [Worker-4: Building] INFO  o.e.m.c.i.embedder.EclipseLogger - skip non existing resourceDirectory C:\Users\shkim\Desktop\springMVC\servlet\setting_java\SpringMVCJava\src\test\resources
2021-03-30 20:14:48,713 [Worker-18: Enabling Maven Dependency Management] INFO  o.e.m.j.i.AbstractJavaProjectConfigurator - Adding source folder /SpringMVCJava/src
2021-03-30 20:14:48,714 [Worker-18: Enabling Maven Dependency Management] INFO  o.e.m.j.i.AbstractJavaProjectConfigurator - Not adding source folder /SpringMVCJava/src/test/java because it overlaps with /SpringMVCJava/src
2021-03-30 20:14:49,147 [Worker-18: Enabling Maven Dependency Management] INFO  o.e.m.c.i.p.ProjectConfigurationManager - Update started
2021-03-30 20:14:49,538 [Worker-18: Enabling Maven Dependency Management] INFO  o.e.m.c.i.l.LifecycleMappingFactory - Using org.maven.ide.eclipse.wtp.WarLifecycleMapping lifecycle mapping for MavenProject: SpringMVCJava:SpringMVCJava:0.0.1-SNAPSHOT @ C:\Users\shkim\Desktop\springMVC\servlet\setting_java\SpringMVCJava\pom.xml.
2021-03-30 20:14:50,225 [Worker-18: Enabling Maven Dependency Management] INFO  o.e.m.j.i.AbstractJavaProjectConfigurator - Adding source folder /SpringMVCJava/src
2021-03-30 20:14:50,226 [Worker-18: Enabling Maven Dependency Management] INFO  o.e.m.j.i.AbstractJavaProjectConfigurator - Not adding source folder /SpringMVCJava/src/test/java because it overlaps with /SpringMVCJava/src
2021-03-30 20:14:50,568 [Worker-18: Enabling Maven Dependency Management] INFO  o.e.m.w.i.f.ResourceFilteringBuildParticipant - Cleaning filtered folder for SpringMVCJava
2021-03-30 20:14:50,591 [Worker-18: Enabling Maven Dependency Management] INFO  o.e.m.c.i.p.ProjectConfigurationManager - Update completed: 1 sec
2021-03-30 20:14:50,727 [Worker-18: Building] WARN  o.e.m.c.i.embedder.EclipseLogger - Using platform encoding (MS949 actually) to copy filtered resources, i.e. build is platform dependent!
2021-03-30 20:14:50,728 [Worker-18: Building] INFO  o.e.m.c.i.embedder.EclipseLogger - skip non existing resourceDirectory C:\Users\shkim\Desktop\springMVC\servlet\setting_java\SpringMVCJava\src\main\resources
2021-03-30 20:14:50,730 [Worker-18: Building] WARN  o.e.m.c.i.embedder.EclipseLogger - Using platform encoding (MS949 actually) to copy filtered resources, i.e. build is platform dependent!
2021-03-30 20:14:50,731 [Worker-18: Building] INFO  o.e.m.c.i.embedder.EclipseLogger - skip non existing resourceDirectory C:\Users\shkim\Desktop\springMVC\servlet\setting_java\SpringMVCJava\src\test\resources
2021-03-30 20:14:50,732 [Worker-18: Building] INFO  o.e.m.w.i.f.ResourceFilteringBuildParticipant - Changed resources require a complete clean of filtered resources of SpringMVCJava
2021-03-30 20:14:50,733 [Worker-18: Building] INFO  o.e.m.w.i.f.ResourceFilteringBuildParticipant - Executing resource filtering for SpringMVCJava
2021-03-30 20:14:50,754 [Worker-18: Building] WARN  o.e.m.c.i.embedder.EclipseLogger - Using platform encoding (MS949 actually) to copy filtered resources, i.e. build is platform dependent!
2021-03-30 20:15:16,391 [Worker-5: Building] INFO  o.e.m.c.i.l.LifecycleMappingFactory - Using org.maven.ide.eclipse.wtp.WarLifecycleMapping lifecycle mapping for MavenProject: SpringMVCStep1:SpringMVCStep1:0.0.1-SNAPSHOT @ C:\Users\shkim\Desktop\springMVC\servlet\setting_java\SpringMVCJava\pom.xml.
2021-03-30 20:15:17,167 [Worker-5: Building] WARN  o.e.m.c.i.embedder.EclipseLogger - Using platform encoding (MS949 actually) to copy filtered resources, i.e. build is platform dependent!
2021-03-30 20:15:17,168 [Worker-5: Building] INFO  o.e.m.c.i.embedder.EclipseLogger - skip non existing resourceDirectory C:\Users\shkim\Desktop\springMVC\servlet\setting_java\SpringMVCJava\src\main\resources
2021-03-30 20:15:17,170 [Worker-5: Building] WARN  o.e.m.c.i.embedder.EclipseLogger - Using platform encoding (MS949 actually) to copy filtered resources, i.e. build is platform dependent!
2021-03-30 20:15:17,171 [Worker-5: Building] INFO  o.e.m.c.i.embedder.EclipseLogger - skip non existing resourceDirectory C:\Users\shkim\Desktop\springMVC\servlet\setting_java\SpringMVCJava\src\test\resources
2021-03-30 20:15:17,172 [Worker-5: Building] INFO  o.e.m.w.i.f.ResourceFilteringBuildParticipant - Changed resources require a complete clean of filtered resources of SpringMVCJava
2021-03-30 20:15:17,172 [Worker-5: Building] INFO  o.e.m.w.i.f.ResourceFilteringBuildParticipant - Executing resource filtering for SpringMVCJava
2021-03-30 20:15:17,177 [Worker-5: Building] WARN  o.e.m.c.i.embedder.EclipseLogger - Using platform encoding (MS949 actually) to copy filtered resources, i.e. build is platform dependent!
2021-03-30 20:16:01,636 [Worker-11: Building] INFO  o.e.m.c.i.l.LifecycleMappingFactory - Using org.maven.ide.eclipse.wtp.WarLifecycleMapping lifecycle mapping for MavenProject: SpringMVCJava:SpringMVCJava:0.0.1-SNAPSHOT @ C:\Users\shkim\Desktop\springMVC\servlet\setting_java\SpringMVCJava\pom.xml.
2021-03-30 20:16:02,255 [Worker-11: Building] WARN  o.e.m.c.i.embedder.EclipseLogger - Using platform encoding (MS949 actually) to copy filtered resources, i.e. build is platform dependent!
2021-03-30 20:16:02,256 [Worker-11: Building] INFO  o.e.m.c.i.embedder.EclipseLogger - skip non existing resourceDirectory C:\Users\shkim\Desktop\springMVC\servlet\setting_java\SpringMVCJava\src\main\resources
2021-03-30 20:16:02,257 [Worker-11: Building] WARN  o.e.m.c.i.embedder.EclipseLogger - Using platform encoding (MS949 actually) to copy filtered resources, i.e. build is platform dependent!
2021-03-30 20:16:02,258 [Worker-11: Building] INFO  o.e.m.c.i.embedder.EclipseLogger - skip non existing resourceDirectory C:\Users\shkim\Desktop\springMVC\servlet\setting_java\SpringMVCJava\src\test\resources
2021-03-30 20:16:02,259 [Worker-11: Building] INFO  o.e.m.w.i.f.ResourceFilteringBuildParticipant - Changed resources require a complete clean of filtered resources of SpringMVCJava
2021-03-30 20:16:02,259 [Worker-11: Building] INFO  o.e.m.w.i.f.ResourceFilteringBuildParticipant - Executing resource filtering for SpringMVCJava
2021-03-30 20:16:02,263 [Worker-11: Building] WARN  o.e.m.c.i.embedder.EclipseLogger - Using platform encoding (MS949 actually) to copy filtered resources, i.e. build is platform dependent!
2021-03-30 20:16:36,439 [Worker-11: Building] WARN  o.e.m.c.i.embedder.EclipseLogger - Using platform encoding (MS949 actually) to copy filtered resources, i.e. build is platform dependent!
2021-03-30 20:16:36,440 [Worker-11: Building] INFO  o.e.m.c.i.embedder.EclipseLogger - skip non existing resourceDirectory C:\Users\shkim\Desktop\springMVC\servlet\setting_java\SpringMVCJava\src\main\resources
2021-03-30 20:16:36,441 [Worker-11: Building] WARN  o.e.m.c.i.embedder.EclipseLogger - Using platform encoding (MS949 actually) to copy filtered resources, i.e. build is platform dependent!
2021-03-30 20:16:36,442 [Worker-11: Building] INFO  o.e.m.c.i.embedder.EclipseLogger - skip non existing resourceDirectory C:\Users\shkim\Desktop\springMVC\servlet\setting_java\SpringMVCJava\src\test\resources
2021-03-30 20:17:04,871 [Worker-11: Building] WARN  o.e.m.c.i.embedder.EclipseLogger - Using platform encoding (MS949 actually) to copy filtered resources, i.e. build is platform dependent!
2021-03-30 20:17:04,872 [Worker-11: Building] INFO  o.e.m.c.i.embedder.EclipseLogger - skip non existing resourceDirectory C:\Users\shkim\Desktop\springMVC\servlet\setting_java\SpringMVCJava\src\main\resources
2021-03-30 20:17:04,874 [Worker-11: Building] WARN  o.e.m.c.i.embedder.EclipseLogger - Using platform encoding (MS949 actually) to copy filtered resources, i.e. build is platform dependent!
2021-03-30 20:17:04,874 [Worker-11: Building] INFO  o.e.m.c.i.embedder.EclipseLogger - skip non existing resourceDirectory C:\Users\shkim\Desktop\springMVC\servlet\setting_java\SpringMVCJava\src\test\resources
2021-03-30 20:17:46,307 [Worker-6: Building] WARN  o.e.m.c.i.embedder.EclipseLogger - Using platform encoding (MS949 actually) to copy filtered resources, i.e. build is platform dependent!
2021-03-30 20:17:46,308 [Worker-6: Building] INFO  o.e.m.c.i.embedder.EclipseLogger - skip non existing resourceDirectory C:\Users\shkim\Desktop\springMVC\servlet\setting_java\SpringMVCJava\src\main\resources
2021-03-30 20:17:46,309 [Worker-6: Building] WARN  o.e.m.c.i.embedder.EclipseLogger - Using platform encoding (MS949 actually) to copy filtered resources, i.e. build is platform dependent!
2021-03-30 20:17:46,310 [Worker-6: Building] INFO  o.e.m.c.i.embedder.EclipseLogger - skip non existing resourceDirectory C:\Users\shkim\Desktop\springMVC\servlet\setting_java\SpringMVCJava\src\test\resources
2021-03-30 20:19:53,459 [Worker-6: Building] WARN  o.e.m.c.i.embedder.EclipseLogger - Using platform encoding (MS949 actually) to copy filtered resources, i.e. build is platform dependent!
2021-03-30 20:19:53,460 [Worker-6: Building] INFO  o.e.m.c.i.embedder.EclipseLogger - skip non existing resourceDirectory C:\Users\shkim\Desktop\springMVC\servlet\setting_java\SpringMVCJava\src\main\resources
2021-03-30 20:19:53,462 [Worker-6: Building] WARN  o.e.m.c.i.embedder.EclipseLogger - Using platform encoding (MS949 actually) to copy filtered resources, i.e. build is platform dependent!
2021-03-30 20:19:53,463 [Worker-6: Building] INFO  o.e.m.c.i.embedder.EclipseLogger - skip non existing resourceDirectory C:\Users\shkim\Desktop\springMVC\servlet\setting_java\SpringMVCJava\src\test\resources
2021-03-30 20:20:24,397 [Worker-1: Building] WARN  o.e.m.c.i.embedder.EclipseLogger - Using platform encoding (MS949 actually) to copy filtered resources, i.e. build is platform dependent!
2021-03-30 20:20:24,398 [Worker-1: Building] INFO  o.e.m.c.i.embedder.EclipseLogger - skip non existing resourceDirectory C:\Users\shkim\Desktop\springMVC\servlet\setting_java\SpringMVCJava\src\main\resources
2021-03-30 20:20:24,398 [Worker-1: Building] WARN  o.e.m.c.i.embedder.EclipseLogger - Using platform encoding (MS949 actually) to copy filtered resources, i.e. build is platform dependent!
2021-03-30 20:20:24,399 [Worker-1: Building] INFO  o.e.m.c.i.embedder.EclipseLogger - skip non existing resourceDirectory C:\Users\shkim\Desktop\springMVC\servlet\setting_java\SpringMVCJava\src\test\resources
2021-03-30 20:23:23,009 [Worker-0: Building] WARN  o.e.m.c.i.embedder.EclipseLogger - Using platform encoding (MS949 actually) to copy filtered resources, i.e. build is platform dependent!
2021-03-30 20:23:23,010 [Worker-0: Building] INFO  o.e.m.c.i.embedder.EclipseLogger - skip non existing resourceDirectory C:\Users\shkim\Desktop\springMVC\servlet\setting_java\SpringMVCJava\src\main\resources
2021-03-30 20:23:23,011 [Worker-0: Building] WARN  o.e.m.c.i.embedder.EclipseLogger - Using platform encoding (MS949 actually) to copy filtered resources, i.e. build is platform dependent!
2021-03-30 20:23:23,012 [Worker-0: Building] INFO  o.e.m.c.i.embedder.EclipseLogger - skip non existing resourceDirectory C:\Users\shkim\Desktop\springMVC\servlet\setting_java\SpringMVCJava\src\test\resources
2021-03-30 20:23:34,628 [Worker-17: Building] WARN  o.e.m.c.i.embedder.EclipseLogger - Using platform encoding (MS949 actually) to copy filtered resources, i.e. build is platform dependent!
2021-03-30 20:23:34,629 [Worker-17: Building] INFO  o.e.m.c.i.embedder.EclipseLogger - skip non existing resourceDirectory C:\Users\shkim\Desktop\springMVC\servlet\setting_java\SpringMVCJava\src\main\resources
2021-03-30 20:23:34,630 [Worker-17: Building] WARN  o.e.m.c.i.embedder.EclipseLogger - Using platform encoding (MS949 actually) to copy filtered resources, i.e. build is platform dependent!
2021-03-30 20:23:34,631 [Worker-17: Building] INFO  o.e.m.c.i.embedder.EclipseLogger - skip non existing resourceDirectory C:\Users\shkim\Desktop\springMVC\servlet\setting_java\SpringMVCJava\src\test\resources
2021-03-30 20:24:00,112 [Worker-5: Building] WARN  o.e.m.c.i.embedder.EclipseLogger - Using platform encoding (MS949 actually) to copy filtered resources, i.e. build is platform dependent!
2021-03-30 20:24:00,113 [Worker-5: Building] INFO  o.e.m.c.i.embedder.EclipseLogger - skip non existing resourceDirectory C:\Users\shkim\Desktop\springMVC\servlet\setting_java\SpringMVCJava\src\main\resources
2021-03-30 20:24:00,114 [Worker-5: Building] WARN  o.e.m.c.i.embedder.EclipseLogger - Using platform encoding (MS949 actually) to copy filtered resources, i.e. build is platform dependent!
2021-03-30 20:24:00,115 [Worker-5: Building] INFO  o.e.m.c.i.embedder.EclipseLogger - skip non existing resourceDirectory C:\Users\shkim\Desktop\springMVC\servlet\setting_java\SpringMVCJava\src\test\resources
2021-03-30 20:24:10,588 [Worker-11: Building] WARN  o.e.m.c.i.embedder.EclipseLogger - Using platform encoding (MS949 actually) to copy filtered resources, i.e. build is platform dependent!
2021-03-30 20:24:10,589 [Worker-11: Building] INFO  o.e.m.c.i.embedder.EclipseLogger - skip non existing resourceDirectory C:\Users\shkim\Desktop\springMVC\servlet\setting_java\SpringMVCJava\src\main\resources
2021-03-30 20:24:10,589 [Worker-11: Building] WARN  o.e.m.c.i.embedder.EclipseLogger - Using platform encoding (MS949 actually) to copy filtered resources, i.e. build is platform dependent!
2021-03-30 20:24:10,590 [Worker-11: Building] INFO  o.e.m.c.i.embedder.EclipseLogger - skip non existing resourceDirectory C:\Users\shkim\Desktop\springMVC\servlet\setting_java\SpringMVCJava\src\test\resources
2021-03-30 20:24:29,332 [Worker-11: Building] WARN  o.e.m.c.i.embedder.EclipseLogger - Using platform encoding (MS949 actually) to copy filtered resources, i.e. build is platform dependent!
2021-03-30 20:24:29,333 [Worker-11: Building] INFO  o.e.m.c.i.embedder.EclipseLogger - skip non existing resourceDirectory C:\Users\shkim\Desktop\springMVC\servlet\setting_java\SpringMVCJava\src\main\resources
2021-03-30 20:24:29,334 [Worker-11: Building] WARN  o.e.m.c.i.embedder.EclipseLogger - Using platform encoding (MS949 actually) to copy filtered resources, i.e. build is platform dependent!
2021-03-30 20:24:29,336 [Worker-11: Building] INFO  o.e.m.c.i.embedder.EclipseLogger - skip non existing resourceDirectory C:\Users\shkim\Desktop\springMVC\servlet\setting_java\SpringMVCJava\src\test\resources
2021-03-30 20:24:53,119 [Worker-4: Building] WARN  o.e.m.c.i.embedder.EclipseLogger - Using platform encoding (MS949 actually) to copy filtered resources, i.e. build is platform dependent!
2021-03-30 20:24:53,120 [Worker-4: Building] INFO  o.e.m.c.i.embedder.EclipseLogger - skip non existing resourceDirectory C:\Users\shkim\Desktop\springMVC\servlet\setting_java\SpringMVCJava\src\main\resources
2021-03-30 20:24:53,121 [Worker-4: Building] WARN  o.e.m.c.i.embedder.EclipseLogger - Using platform encoding (MS949 actually) to copy filtered resources, i.e. build is platform dependent!
2021-03-30 20:24:53,122 [Worker-4: Building] INFO  o.e.m.c.i.embedder.EclipseLogger - skip non existing resourceDirectory C:\Users\shkim\Desktop\springMVC\servlet\setting_java\SpringMVCJava\src\test\resources
2021-03-30 20:27:14,085 [Worker-13: Building] WARN  o.e.m.c.i.embedder.EclipseLogger - Using platform encoding (MS949 actually) to copy filtered resources, i.e. build is platform dependent!
2021-03-30 20:27:14,086 [Worker-13: Building] INFO  o.e.m.c.i.embedder.EclipseLogger - skip non existing resourceDirectory C:\Users\shkim\Desktop\springMVC\servlet\setting_java\SpringMVCJava\src\main\resources
2021-03-30 20:27:14,087 [Worker-13: Building] WARN  o.e.m.c.i.embedder.EclipseLogger - Using platform encoding (MS949 actually) to copy filtered resources, i.e. build is platform dependent!
2021-03-30 20:27:14,088 [Worker-13: Building] INFO  o.e.m.c.i.embedder.EclipseLogger - skip non existing resourceDirectory C:\Users\shkim\Desktop\springMVC\servlet\setting_java\SpringMVCJava\src\test\resources
2021-03-30 20:29:02,553 [Worker-0: Building] WARN  o.e.m.c.i.embedder.EclipseLogger - Using platform encoding (MS949 actually) to copy filtered resources, i.e. build is platform dependent!
2021-03-30 20:29:02,554 [Worker-0: Building] INFO  o.e.m.c.i.embedder.EclipseLogger - skip non existing resourceDirectory C:\Users\shkim\Desktop\springMVC\servlet\setting_java\SpringMVCJava\src\main\resources
2021-03-30 20:29:02,555 [Worker-0: Building] WARN  o.e.m.c.i.embedder.EclipseLogger - Using platform encoding (MS949 actually) to copy filtered resources, i.e. build is platform dependent!
2021-03-30 20:29:02,555 [Worker-0: Building] INFO  o.e.m.c.i.embedder.EclipseLogger - skip non existing resourceDirectory C:\Users\shkim\Desktop\springMVC\servlet\setting_java\SpringMVCJava\src\test\resources
2021-03-30 20:30:45,301 [Worker-4: Building] WARN  o.e.m.c.i.embedder.EclipseLogger - Using platform encoding (MS949 actually) to copy filtered resources, i.e. build is platform dependent!
2021-03-30 20:30:45,302 [Worker-4: Building] INFO  o.e.m.c.i.embedder.EclipseLogger - skip non existing resourceDirectory C:\Users\shkim\Desktop\springMVC\servlet\setting_java\SpringMVCJava\src\main\resources
2021-03-30 20:30:45,302 [Worker-4: Building] WARN  o.e.m.c.i.embedder.EclipseLogger - Using platform encoding (MS949 actually) to copy filtered resources, i.e. build is platform dependent!
2021-03-30 20:30:45,303 [Worker-4: Building] INFO  o.e.m.c.i.embedder.EclipseLogger - skip non existing resourceDirectory C:\Users\shkim\Desktop\springMVC\servlet\setting_java\SpringMVCJava\src\test\resources
2021-03-30 20:33:42,455 [Worker-18: Building] WARN  o.e.m.c.i.embedder.EclipseLogger - Using platform encoding (MS949 actually) to copy filtered resources, i.e. build is platform dependent!
2021-03-30 20:33:42,456 [Worker-18: Building] INFO  o.e.m.c.i.embedder.EclipseLogger - skip non existing resourceDirectory C:\Users\shkim\Desktop\springMVC\servlet\setting_java\SpringMVCJava\src\main\resources
2021-03-30 20:33:42,458 [Worker-18: Building] WARN  o.e.m.c.i.embedder.EclipseLogger - Using platform encoding (MS949 actually) to copy filtered resources, i.e. build is platform dependent!
2021-03-30 20:33:42,458 [Worker-18: Building] INFO  o.e.m.c.i.embedder.EclipseLogger - skip non existing resourceDirectory C:\Users\shkim\Desktop\springMVC\servlet\setting_java\SpringMVCJava\src\test\resources
2021-03-30 20:34:10,432 [Worker-8: Building] WARN  o.e.m.c.i.embedder.EclipseLogger - Using platform encoding (MS949 actually) to copy filtered resources, i.e. build is platform dependent!
2021-03-30 20:34:10,433 [Worker-8: Building] INFO  o.e.m.c.i.embedder.EclipseLogger - skip non existing resourceDirectory C:\Users\shkim\Desktop\springMVC\servlet\setting_java\SpringMVCJava\src\main\resources
2021-03-30 20:34:10,434 [Worker-8: Building] WARN  o.e.m.c.i.embedder.EclipseLogger - Using platform encoding (MS949 actually) to copy filtered resources, i.e. build is platform dependent!
2021-03-30 20:34:10,435 [Worker-8: Building] INFO  o.e.m.c.i.embedder.EclipseLogger - skip non existing resourceDirectory C:\Users\shkim\Desktop\springMVC\servlet\setting_java\SpringMVCJava\src\test\resources
2021-03-30 20:34:28,573 [Worker-18: Building] WARN  o.e.m.c.i.embedder.EclipseLogger - Using platform encoding (MS949 actually) to copy filtered resources, i.e. build is platform dependent!
2021-03-30 20:34:28,574 [Worker-18: Building] INFO  o.e.m.c.i.embedder.EclipseLogger - skip non existing resourceDirectory C:\Users\shkim\Desktop\springMVC\servlet\setting_java\SpringMVCJava\src\main\resources
2021-03-30 20:34:28,575 [Worker-18: Building] WARN  o.e.m.c.i.embedder.EclipseLogger - Using platform encoding (MS949 actually) to copy filtered resources, i.e. build is platform dependent!
2021-03-30 20:34:28,575 [Worker-18: Building] INFO  o.e.m.c.i.embedder.EclipseLogger - skip non existing resourceDirectory C:\Users\shkim\Desktop\springMVC\servlet\setting_java\SpringMVCJava\src\test\resources
2021-03-30 20:34:40,354 [Worker-14: Building] WARN  o.e.m.c.i.embedder.EclipseLogger - Using platform encoding (MS949 actually) to copy filtered resources, i.e. build is platform dependent!
2021-03-30 20:34:40,355 [Worker-14: Building] INFO  o.e.m.c.i.embedder.EclipseLogger - skip non existing resourceDirectory C:\Users\shkim\Desktop\springMVC\servlet\setting_java\SpringMVCJava\src\main\resources
2021-03-30 20:34:40,356 [Worker-14: Building] WARN  o.e.m.c.i.embedder.EclipseLogger - Using platform encoding (MS949 actually) to copy filtered resources, i.e. build is platform dependent!
2021-03-30 20:34:40,357 [Worker-14: Building] INFO  o.e.m.c.i.embedder.EclipseLogger - skip non existing resourceDirectory C:\Users\shkim\Desktop\springMVC\servlet\setting_java\SpringMVCJava\src\test\resources
2021-03-30 20:35:26,980 [Worker-4: Building] WARN  o.e.m.c.i.embedder.EclipseLogger - Using platform encoding (MS949 actually) to copy filtered resources, i.e. build is platform dependent!
2021-03-30 20:35:26,980 [Worker-4: Building] INFO  o.e.m.c.i.embedder.EclipseLogger - skip non existing resourceDirectory C:\Users\shkim\Desktop\springMVC\servlet\setting_java\SpringMVCJava\src\main\resources
2021-03-30 20:35:26,981 [Worker-4: Building] WARN  o.e.m.c.i.embedder.EclipseLogger - Using platform encoding (MS949 actually) to copy filtered resources, i.e. build is platform dependent!
2021-03-30 20:35:26,982 [Worker-4: Building] INFO  o.e.m.c.i.embedder.EclipseLogger - skip non existing resourceDirectory C:\Users\shkim\Desktop\springMVC\servlet\setting_java\SpringMVCJava\src\test\resources
2021-03-30 20:35:39,102 [Worker-6: Building] WARN  o.e.m.c.i.embedder.EclipseLogger - Using platform encoding (MS949 actually) to copy filtered resources, i.e. build is platform dependent!
2021-03-30 20:35:39,103 [Worker-6: Building] INFO  o.e.m.c.i.embedder.EclipseLogger - skip non existing resourceDirectory C:\Users\shkim\Desktop\springMVC\servlet\setting_java\SpringMVCJava\src\main\resources
2021-03-30 20:35:39,104 [Worker-6: Building] WARN  o.e.m.c.i.embedder.EclipseLogger - Using platform encoding (MS949 actually) to copy filtered resources, i.e. build is platform dependent!
2021-03-30 20:35:39,105 [Worker-6: Building] INFO  o.e.m.c.i.embedder.EclipseLogger - skip non existing resourceDirectory C:\Users\shkim\Desktop\springMVC\servlet\setting_java\SpringMVCJava\src\test\resources
2021-03-30 20:36:12,848 [Worker-0: Building] WARN  o.e.m.c.i.embedder.EclipseLogger - Using platform encoding (MS949 actually) to copy filtered resources, i.e. build is platform dependent!
2021-03-30 20:36:12,849 [Worker-0: Building] INFO  o.e.m.c.i.embedder.EclipseLogger - skip non existing resourceDirectory C:\Users\shkim\Desktop\springMVC\servlet\setting_java\SpringMVCJava\src\main\resources
2021-03-30 20:36:12,850 [Worker-0: Building] WARN  o.e.m.c.i.embedder.EclipseLogger - Using platform encoding (MS949 actually) to copy filtered resources, i.e. build is platform dependent!
2021-03-30 20:36:12,850 [Worker-0: Building] INFO  o.e.m.c.i.embedder.EclipseLogger - skip non existing resourceDirectory C:\Users\shkim\Desktop\springMVC\servlet\setting_java\SpringMVCJava\src\test\resources
2021-03-30 20:36:18,538 [Worker-13: Building] WARN  o.e.m.c.i.embedder.EclipseLogger - Using platform encoding (MS949 actually) to copy filtered resources, i.e. build is platform dependent!
2021-03-30 20:36:18,539 [Worker-13: Building] INFO  o.e.m.c.i.embedder.EclipseLogger - skip non existing resourceDirectory C:\Users\shkim\Desktop\springMVC\servlet\setting_java\SpringMVCJava\src\main\resources
2021-03-30 20:36:18,540 [Worker-13: Building] WARN  o.e.m.c.i.embedder.EclipseLogger - Using platform encoding (MS949 actually) to copy filtered resources, i.e. build is platform dependent!
2021-03-30 20:36:18,541 [Worker-13: Building] INFO  o.e.m.c.i.embedder.EclipseLogger - skip non existing resourceDirectory C:\Users\shkim\Desktop\springMVC\servlet\setting_java\SpringMVCJava\src\test\resources
2021-03-30 20:36:20,647 [Worker-4: Building] WARN  o.e.m.c.i.embedder.EclipseLogger - Using platform encoding (MS949 actually) to copy filtered resources, i.e. build is platform dependent!
2021-03-30 20:36:20,648 [Worker-4: Building] INFO  o.e.m.c.i.embedder.EclipseLogger - skip non existing resourceDirectory C:\Users\shkim\Desktop\springMVC\servlet\setting_java\SpringMVCJava\src\main\resources
2021-03-30 20:36:20,649 [Worker-4: Building] WARN  o.e.m.c.i.embedder.EclipseLogger - Using platform encoding (MS949 actually) to copy filtered resources, i.e. build is platform dependent!
2021-03-30 20:36:20,650 [Worker-4: Building] INFO  o.e.m.c.i.embedder.EclipseLogger - skip non existing resourceDirectory C:\Users\shkim\Desktop\springMVC\servlet\setting_java\SpringMVCJava\src\test\resources
2021-03-30 20:36:33,800 [Worker-17: Building] WARN  o.e.m.c.i.embedder.EclipseLogger - Using platform encoding (MS949 actually) to copy filtered resources, i.e. build is platform dependent!
2021-03-30 20:36:33,800 [Worker-17: Building] INFO  o.e.m.c.i.embedder.EclipseLogger - skip non existing resourceDirectory C:\Users\shkim\Desktop\springMVC\servlet\setting_java\SpringMVCJava\src\main\resources
2021-03-30 20:36:33,801 [Worker-17: Building] WARN  o.e.m.c.i.embedder.EclipseLogger - Using platform encoding (MS949 actually) to copy filtered resources, i.e. build is platform dependent!
2021-03-30 20:36:33,802 [Worker-17: Building] INFO  o.e.m.c.i.embedder.EclipseLogger - skip non existing resourceDirectory C:\Users\shkim\Desktop\springMVC\servlet\setting_java\SpringMVCJava\src\test\resources
2021-03-30 20:37:00,059 [Worker-11: Building] WARN  o.e.m.c.i.embedder.EclipseLogger - Using platform encoding (MS949 actually) to copy filtered resources, i.e. build is platform dependent!
2021-03-30 20:37:00,060 [Worker-11: Building] INFO  o.e.m.c.i.embedder.EclipseLogger - skip non existing resourceDirectory C:\Users\shkim\Desktop\springMVC\servlet\setting_java\SpringMVCJava\src\main\resources
2021-03-30 20:37:00,061 [Worker-11: Building] WARN  o.e.m.c.i.embedder.EclipseLogger - Using platform encoding (MS949 actually) to copy filtered resources, i.e. build is platform dependent!
2021-03-30 20:37:00,061 [Worker-11: Building] INFO  o.e.m.c.i.embedder.EclipseLogger - skip non existing resourceDirectory C:\Users\shkim\Desktop\springMVC\servlet\setting_java\SpringMVCJava\src\test\resources
2021-03-30 20:37:14,128 [Worker-4: Building] WARN  o.e.m.c.i.embedder.EclipseLogger - Using platform encoding (MS949 actually) to copy filtered resources, i.e. build is platform dependent!
2021-03-30 20:37:14,129 [Worker-4: Building] INFO  o.e.m.c.i.embedder.EclipseLogger - skip non existing resourceDirectory C:\Users\shkim\Desktop\springMVC\servlet\setting_java\SpringMVCJava\src\main\resources
2021-03-30 20:37:14,130 [Worker-4: Building] WARN  o.e.m.c.i.embedder.EclipseLogger - Using platform encoding (MS949 actually) to copy filtered resources, i.e. build is platform dependent!
2021-03-30 20:37:14,130 [Worker-4: Building] INFO  o.e.m.c.i.embedder.EclipseLogger - skip non existing resourceDirectory C:\Users\shkim\Desktop\springMVC\servlet\setting_java\SpringMVCJava\src\test\resources
2021-03-30 20:38:14,253 [Worker-0: Building] WARN  o.e.m.c.i.embedder.EclipseLogger - Using platform encoding (MS949 actually) to copy filtered resources, i.e. build is platform dependent!
2021-03-30 20:38:14,253 [Worker-0: Building] INFO  o.e.m.c.i.embedder.EclipseLogger - skip non existing resourceDirectory C:\Users\shkim\Desktop\springMVC\servlet\setting_java\SpringMVCJava\src\main\resources
2021-03-30 20:38:14,254 [Worker-0: Building] WARN  o.e.m.c.i.embedder.EclipseLogger - Using platform encoding (MS949 actually) to copy filtered resources, i.e. build is platform dependent!
2021-03-30 20:38:14,255 [Worker-0: Building] INFO  o.e.m.c.i.embedder.EclipseLogger - skip non existing resourceDirectory C:\Users\shkim\Desktop\springMVC\servlet\setting_java\SpringMVCJava\src\test\resources
2021-03-30 20:38:16,877 [Worker-14: Building] WARN  o.e.m.c.i.embedder.EclipseLogger - Using platform encoding (MS949 actually) to copy filtered resources, i.e. build is platform dependent!
2021-03-30 20:38:16,878 [Worker-14: Building] INFO  o.e.m.c.i.embedder.EclipseLogger - skip non existing resourceDirectory C:\Users\shkim\Desktop\springMVC\servlet\setting_java\SpringMVCJava\src\main\resources
2021-03-30 20:38:16,879 [Worker-14: Building] WARN  o.e.m.c.i.embedder.EclipseLogger - Using platform encoding (MS949 actually) to copy filtered resources, i.e. build is platform dependent!
2021-03-30 20:38:16,880 [Worker-14: Building] INFO  o.e.m.c.i.embedder.EclipseLogger - skip non existing resourceDirectory C:\Users\shkim\Desktop\springMVC\servlet\setting_java\SpringMVCJava\src\test\resources
2021-03-30 20:38:19,779 [Worker-11: Building] WARN  o.e.m.c.i.embedder.EclipseLogger - Using platform encoding (MS949 actually) to copy filtered resources, i.e. build is platform dependent!
2021-03-30 20:38:19,780 [Worker-11: Building] INFO  o.e.m.c.i.embedder.EclipseLogger - skip non existing resourceDirectory C:\Users\shkim\Desktop\springMVC\servlet\setting_java\SpringMVCJava\src\main\resources
2021-03-30 20:38:19,781 [Worker-11: Building] WARN  o.e.m.c.i.embedder.EclipseLogger - Using platform encoding (MS949 actually) to copy filtered resources, i.e. build is platform dependent!
2021-03-30 20:38:19,782 [Worker-11: Building] INFO  o.e.m.c.i.embedder.EclipseLogger - skip non existing resourceDirectory C:\Users\shkim\Desktop\springMVC\servlet\setting_java\SpringMVCJava\src\test\resources
2021-03-30 20:40:46,987 [Worker-5: Building] WARN  o.e.m.c.i.embedder.EclipseLogger - Using platform encoding (MS949 actually) to copy filtered resources, i.e. build is platform dependent!
2021-03-30 20:40:46,988 [Worker-5: Building] INFO  o.e.m.c.i.embedder.EclipseLogger - skip non existing resourceDirectory C:\Users\shkim\Desktop\springMVC\servlet\setting_java\SpringMVCJava\src\main\resources
2021-03-30 20:40:46,988 [Worker-5: Building] WARN  o.e.m.c.i.embedder.EclipseLogger - Using platform encoding (MS949 actually) to copy filtered resources, i.e. build is platform dependent!
2021-03-30 20:40:46,989 [Worker-5: Building] INFO  o.e.m.c.i.embedder.EclipseLogger - skip non existing resourceDirectory C:\Users\shkim\Desktop\springMVC\servlet\setting_java\SpringMVCJava\src\test\resources
2021-03-30 20:42:07,298 [Worker-20: Building] WARN  o.e.m.c.i.embedder.EclipseLogger - Using platform encoding (MS949 actually) to copy filtered resources, i.e. build is platform dependent!
2021-03-30 20:42:07,299 [Worker-20: Building] INFO  o.e.m.c.i.embedder.EclipseLogger - skip non existing resourceDirectory C:\Users\shkim\Desktop\springMVC\servlet\setting_java\SpringMVCJava\src\main\resources
2021-03-30 20:42:07,300 [Worker-20: Building] WARN  o.e.m.c.i.embedder.EclipseLogger - Using platform encoding (MS949 actually) to copy filtered resources, i.e. build is platform dependent!
2021-03-30 20:42:07,301 [Worker-20: Building] INFO  o.e.m.c.i.embedder.EclipseLogger - skip non existing resourceDirectory C:\Users\shkim\Desktop\springMVC\servlet\setting_java\SpringMVCJava\src\test\resources
2021-03-30 20:43:07,007 [Worker-5: Building] WARN  o.e.m.c.i.embedder.EclipseLogger - Using platform encoding (MS949 actually) to copy filtered resources, i.e. build is platform dependent!
2021-03-30 20:43:07,008 [Worker-5: Building] INFO  o.e.m.c.i.embedder.EclipseLogger - skip non existing resourceDirectory C:\Users\shkim\Desktop\springMVC\servlet\setting_java\SpringMVCJava\src\main\resources
2021-03-30 20:43:07,009 [Worker-5: Building] WARN  o.e.m.c.i.embedder.EclipseLogger - Using platform encoding (MS949 actually) to copy filtered resources, i.e. build is platform dependent!
2021-03-30 20:43:07,010 [Worker-5: Building] INFO  o.e.m.c.i.embedder.EclipseLogger - skip non existing resourceDirectory C:\Users\shkim\Desktop\springMVC\servlet\setting_java\SpringMVCJava\src\test\resources
2021-03-30 20:44:49,815 [Worker-20: Building] WARN  o.e.m.c.i.embedder.EclipseLogger - Using platform encoding (MS949 actually) to copy filtered resources, i.e. build is platform dependent!
2021-03-30 20:44:49,816 [Worker-20: Building] INFO  o.e.m.c.i.embedder.EclipseLogger - skip non existing resourceDirectory C:\Users\shkim\Desktop\springMVC\servlet\setting_java\SpringMVCJava\src\main\resources
2021-03-30 20:44:49,816 [Worker-20: Building] WARN  o.e.m.c.i.embedder.EclipseLogger - Using platform encoding (MS949 actually) to copy filtered resources, i.e. build is platform dependent!
2021-03-30 20:44:49,817 [Worker-20: Building] INFO  o.e.m.c.i.embedder.EclipseLogger - skip non existing resourceDirectory C:\Users\shkim\Desktop\springMVC\servlet\setting_java\SpringMVCJava\src\test\resources
2021-03-30 20:45:12,898 [Worker-5: Building] WARN  o.e.m.c.i.embedder.EclipseLogger - Using platform encoding (MS949 actually) to copy filtered resources, i.e. build is platform dependent!
2021-03-30 20:45:12,899 [Worker-5: Building] INFO  o.e.m.c.i.embedder.EclipseLogger - skip non existing resourceDirectory C:\Users\shkim\Desktop\springMVC\servlet\setting_java\SpringMVCJava\src\main\resources
2021-03-30 20:45:12,899 [Worker-5: Building] WARN  o.e.m.c.i.embedder.EclipseLogger - Using platform encoding (MS949 actually) to copy filtered resources, i.e. build is platform dependent!
2021-03-30 20:45:12,900 [Worker-5: Building] INFO  o.e.m.c.i.embedder.EclipseLogger - skip non existing resourceDirectory C:\Users\shkim\Desktop\springMVC\servlet\setting_java\SpringMVCJava\src\test\resources
2021-03-30 21:26:05,124 [Worker-1: Loading available Gradle versions] INFO  o.e.b.c.i.u.g.PublishedGradleVersions - Gradle version information cache is up-to-date. Trying to read.
